<?xml version="1.0" encoding="UTF-8"?>
<testng-results ignored="0" total="1" passed="1" failed="0" skipped="0">
  <reporter-output>
  </reporter-output>
  <suite started-at="2023-08-04T13:47:20 IST" name="Default suite" finished-at="2023-08-04T13:47:20 IST" duration-ms="135">
    <groups>
    </groups>
    <test started-at="2023-08-04T13:47:20 IST" name="Default test" finished-at="2023-08-04T13:47:20 IST" duration-ms="135">
      <class name="Sample.demo">
        <test-method signature="sample()[pri:0, instance:Sample.demo@18ce0030]" started-at="2023-08-04T13:47:20 IST" name="sample" finished-at="2023-08-04T13:47:20 IST" duration-ms="19" status="PASS">
          <reporter-output>
          </reporter-output>
        </test-method> <!-- sample -->
      </class> <!-- Sample.demo -->
    </test> <!-- Default test -->
  </suite> <!-- Default suite -->
</testng-results>
