<?xml version="1.0" encoding="UTF-8"?>
<testng-results ignored="0" total="2" passed="2" failed="0" skipped="0">
  <reporter-output>
  </reporter-output>
  <suite started-at="2023-08-04T15:42:01 IST" name="Default suite" finished-at="2023-08-04T15:42:01 IST" duration-ms="139">
    <groups>
    </groups>
    <test started-at="2023-08-04T15:42:01 IST" name="Default test" finished-at="2023-08-04T15:42:01 IST" duration-ms="139">
      <class name="Sample.demo">
        <test-method signature="sample()[pri:0, instance:Sample.demo@4445629]" started-at="2023-08-04T15:42:01 IST" name="sample" finished-at="2023-08-04T15:42:01 IST" duration-ms="21" status="PASS">
          <reporter-output>
          </reporter-output>
        </test-method> <!-- sample -->
        <test-method signature="second()[pri:0, instance:Sample.demo@4445629]" started-at="2023-08-04T15:42:01 IST" name="second" finished-at="2023-08-04T15:42:01 IST" duration-ms="5" status="PASS">
          <reporter-output>
          </reporter-output>
        </test-method> <!-- second -->
      </class> <!-- Sample.demo -->
    </test> <!-- Default test -->
  </suite> <!-- Default suite -->
</testng-results>
